#
# There is insufficient memory for the Java Runtime Environment to continue.
# Native memory allocation (malloc) failed to allocate 51696 bytes for Chunk::new
# Possible reasons:
#   The system is out of physical RAM or swap space
#   In 32 bit mode, the process size limit was hit
# Possible solutions:
#   Reduce memory load on the system
#   Increase physical memory or swap space
#   Check if swap backing store is full
#   Use 64 bit Java on a 64 bit OS
#   Decrease Java heap size (-Xmx/-Xms)
#   Decrease number of Java threads
#   Decrease Java thread stack sizes (-Xss)
#   Set larger code cache with -XX:ReservedCodeCacheSize=
# This output file may be truncated or incomplete.
#
#  Out of Memory Error (allocation.cpp:390), pid=13096, tid=0x0000000000001a6c
#
# JRE version: Java(TM) SE Runtime Environment (8.0_181-b13) (build 1.8.0_181-b13)
# Java VM: Java HotSpot(TM) 64-Bit Server VM (25.181-b13 mixed mode windows-amd64 compressed oops)
# Failed to write core dump. Minidumps are not enabled by default on client versions of Windows
#

---------------  T H R E A D  ---------------

Current thread (0x00000000167ad800):  JavaThread "C2 CompilerThread0" daemon [_thread_in_native, id=6764, stack(0x00000000185e0000,0x00000000186e0000)]

Stack: [0x00000000185e0000,0x00000000186e0000]
[error occurred during error reporting (printing stack bounds), id 0xc0000005]

Native frames: (J=compiled Java code, j=interpreted, Vv=VM code, C=native code)


Current CompileTask:
C2:  16485  728       4       java.lang.String::replace (127 bytes)


---------------  P R O C E S S  ---------------

Java Threads: ( => current thread )
  0x000000001908e000 JavaThread "Abandoned connection cleanup thread" daemon [_thread_new, id=8376, stack(0x0000000000000000,0x0000000000000000)]
  0x0000000019087800 JavaThread "Image Fetcher 0" daemon [_thread_blocked, id=9184, stack(0x000000001aee0000,0x000000001afe0000)]
  0x0000000002db1000 JavaThread "DestroyJavaVM" [_thread_blocked, id=6356, stack(0x0000000002cb0000,0x0000000002db0000)]
  0x00000000191a7800 JavaThread "AWT-EventQueue-0" [_thread_in_vm, id=14012, stack(0x000000001a290000,0x000000001a390000)]
  0x00000000191a5800 JavaThread "AWT-Shutdown" [_thread_blocked, id=13976, stack(0x000000001a190000,0x000000001a290000)]
  0x000000001914a800 JavaThread "AWT-Windows" daemon [_thread_in_native, id=7080, stack(0x0000000019a30000,0x0000000019b30000)]
  0x0000000019145800 JavaThread "Java2D Disposer" daemon [_thread_blocked, id=11800, stack(0x0000000019830000,0x0000000019930000)]
  0x0000000018904000 JavaThread "Service Thread" daemon [_thread_blocked, id=8704, stack(0x0000000018ce0000,0x0000000018de0000)]
  0x00000000167c7800 JavaThread "C1 CompilerThread2" daemon [_thread_blocked, id=8432, stack(0x00000000187e0000,0x00000000188e0000)]
  0x00000000167b1800 JavaThread "C2 CompilerThread1" daemon [_thread_blocked, id=4532, stack(0x00000000186e0000,0x00000000187e0000)]
=>0x00000000167ad800 JavaThread "C2 CompilerThread0" daemon [_thread_in_native, id=6764, stack(0x00000000185e0000,0x00000000186e0000)]
  0x00000000167aa000 JavaThread "Attach Listener" daemon [_thread_blocked, id=3104, stack(0x00000000184e0000,0x00000000185e0000)]
  0x00000000167a9000 JavaThread "Signal Dispatcher" daemon [_thread_blocked, id=13132, stack(0x00000000183e0000,0x00000000184e0000)]
  0x0000000016799000 JavaThread "Finalizer" daemon [_thread_blocked, id=5956, stack(0x0000000017a10000,0x0000000017b10000)]
  0x0000000002ea1000 JavaThread "Reference Handler" daemon [_thread_blocked, id=11872, stack(0x0000000017910000,0x0000000017a10000)]

Other Threads:
  0x0000000016777800 VMThread [stack: 0x0000000017810000,0x0000000017910000] [id=13048]
  0x000000001890f000 WatcherThread [stack: 0x0000000018de0000,0x0000000018ee0000] [id=2152]

VM state:synchronizing (normal execution)

VM Mutex/Monitor currently owned by a thread:  ([mutex/lock_event])
[0x0000000002a7bba0] Safepoint_lock - owner thread: 0x0000000016777800
[0x0000000002a7c6a0] Threads_lock - owner thread: 0x0000000016777800
[0x0000000002a7c0a0] Heap_lock - owner thread: 0x00000000167c7800
[0x0000000002a7dc30] MethodData_lock - owner thread: 0x00000000167c7800

Heap:
 PSYoungGen      total 28672K, used 13438K [0x00000000e0400000, 0x00000000e2400000, 0x0000000100000000)
  eden space 24576K, 54% used [0x00000000e0400000,0x00000000e111f8e8,0x00000000e1c00000)
  from space 4096K, 0% used [0x00000000e2000000,0x00000000e2000000,0x00000000e2400000)
  to   space 4096K, 0% used [0x00000000e1c00000,0x00000000e1c00000,0x00000000e2000000)
 ParOldGen       total 65536K, used 0K [0x00000000a0c00000, 0x00000000a4c00000, 0x00000000e0400000)
  object space 65536K, 0% used [0x00000000a0c00000,0x00000000a0c00000,0x00000000a4c00000)
 Metaspace       used 11956K, capacity 12100K, committed 12160K, reserved 1062912K
  class space    used 1593K, capacity 1664K, committed 1664K, reserved 1048576K

Card table byte_map: [0x0000000012270000,0x0000000012570000] byte_map_base: 0x0000000011d6a000

Marking Bits: (ParMarkBitMap*) 0x00000000632c2d00
 Begin Bits: [0x0000000012b70000, 0x0000000014340000)
 End Bits:   [0x0000000014340000, 0x0000000015b10000)

Polling page: 0x0000000002a40000

CodeCache: size=245760Kb used=2867Kb max_used=2867Kb free=242892Kb
 bounds [0x0000000002eb0000, 0x0000000003180000, 0x0000000011eb0000]
 total_blobs=1219 nmethods=738 adapters=394
 compilation: enabled

Compilation events (10 events):
Event: 16.457 Thread 0x00000000167c7800 nmethod 731 0x00000000031773d0 code [0x0000000003177540, 0x0000000003177778]
Event: 16.457 Thread 0x00000000167c7800  733   !   3       java.util.WeakHashMap::expungeStaleEntries (139 bytes)
Event: 16.459 Thread 0x00000000167c7800 nmethod 733 0x0000000003177810 code [0x00000000031779e0, 0x00000000031784e8]
Event: 16.461 Thread 0x00000000167c7800  734   !   3       java.lang.ClassLoader::loadClass (122 bytes)
Event: 16.462 Thread 0x00000000167b1800  736       4       java.util.concurrent.ConcurrentHashMap::setTabAt (19 bytes)
Event: 16.463 Thread 0x00000000167b1800 nmethod 736 0x000000000317b790 code [0x000000000317b8c0, 0x000000000317b938]
Event: 16.464 Thread 0x00000000167c7800 nmethod 734 0x000000000317b990 code [0x000000000317bd00, 0x000000000317e098]
Event: 16.464 Thread 0x00000000167c7800  735       3       java.lang.ClassLoader::getClassLoadingLock (35 bytes)
Event: 16.464 Thread 0x00000000167c7800 nmethod 735 0x000000000317b0d0 code [0x000000000317b240, 0x000000000317b608]
Event: 16.465 Thread 0x00000000167c7800  737       3       java.lang.StringBuffer::<init> (6 bytes)

GC Heap History (0 events):
No events

Deoptimization events (2 events):
Event: 7.624 Thread 0x000000001914a800 Uncommon trap: reason=unstable_if action=reinterpret pc=0x00000000030cfb28 method=java.util.HashMap.putVal(ILjava/lang/Object;Ljava/lang/Object;ZZ)Ljava/lang/Object; @ 206
Event: 7.624 Thread 0x000000001914a800 Uncommon trap: reason=unstable_if action=reinterpret pc=0x00000000030ce124 method=java.util.HashMap.putVal(ILjava/lang/Object;Ljava/lang/Object;ZZ)Ljava/lang/Object; @ 206

Classes redefined (0 events):
No events

Internal exceptions (10 events):
Event: 3.755 Thread 0x0000000002db1000 Exception <a 'java/lang/ClassNotFoundException': ToolBar> (0x00000000e09f2998) thrown at [C:\re\workspace\8-2-build-windows-amd64-cygwin\jdk8u181\11358\hotspot\src\share\vm\classfile\systemDictionary.cpp, line 210]
Event: 3.755 Thread 0x0000000002db1000 Exception <a 'java/lang/ClassNotFoundException': ToggleButton> (0x00000000e09f2f48) thrown at [C:\re\workspace\8-2-build-windows-amd64-cygwin\jdk8u181\11358\hotspot\src\share\vm\classfile\systemDictionary.cpp, line 210]
Event: 3.755 Thread 0x0000000002db1000 Exception <a 'java/lang/ClassNotFoundException': javax/swing/JToolBarSeparator> (0x00000000e09f33a8) thrown at [C:\re\workspace\8-2-build-windows-amd64-cygwin\jdk8u181\11358\hotspot\src\share\vm\classfile\systemDictionary.cpp, line 210]
Event: 3.756 Thread 0x0000000002db1000 Exception <a 'java/lang/ClassNotFoundException': ToolBarSeparator> (0x00000000e09f3840) thrown at [C:\re\workspace\8-2-build-windows-amd64-cygwin\jdk8u181\11358\hotspot\src\share\vm\classfile\systemDictionary.cpp, line 210]
Event: 3.757 Thread 0x0000000002db1000 Exception <a 'java/lang/ClassNotFoundException': ToolTip> (0x00000000e09f3f80) thrown at [C:\re\workspace\8-2-build-windows-amd64-cygwin\jdk8u181\11358\hotspot\src\share\vm\classfile\systemDictionary.cpp, line 210]
Event: 3.760 Thread 0x0000000002db1000 Exception <a 'java/lang/ClassNotFoundException': Tree> (0x00000000e09f4ba0) thrown at [C:\re\workspace\8-2-build-windows-amd64-cygwin\jdk8u181\11358\hotspot\src\share\vm\classfile\systemDictionary.cpp, line 210]
Event: 3.760 Thread 0x0000000002db1000 Exception <a 'java/lang/ClassNotFoundException': Tree> (0x00000000e09f52e0) thrown at [C:\re\workspace\8-2-build-windows-amd64-cygwin\jdk8u181\11358\hotspot\src\share\vm\classfile\systemDictionary.cpp, line 210]
Event: 3.760 Thread 0x0000000002db1000 Exception <a 'java/lang/ClassNotFoundException': javax/swing/JTreeCell> (0x00000000e09f5660) thrown at [C:\re\workspace\8-2-build-windows-amd64-cygwin\jdk8u181\11358\hotspot\src\share\vm\classfile\systemDictionary.cpp, line 210]
Event: 3.761 Thread 0x0000000002db1000 Exception <a 'java/lang/ClassNotFoundException': TreeCell> (0x00000000e09f5ae8) thrown at [C:\re\workspace\8-2-build-windows-amd64-cygwin\jdk8u181\11358\hotspot\src\share\vm\classfile\systemDictionary.cpp, line 210]
Event: 3.762 Thread 0x0000000002db1000 Exception <a 'java/lang/ClassNotFoundException': RootPane> (0x00000000e09f64a0) thrown at [C:\re\workspace\8-2-build-windows-amd64-cygwin\jdk8u181\11358\hotspot\src\share\vm\classfile\systemDictionary.cpp, line 210]

Events (10 events):
Event: 16.460 loading class java/sql/Connection done
Event: 16.460 loading class java/lang/NumberFormatException
Event: 16.460 loading class java/lang/NumberFormatException done
Event: 16.461 loading class java/io/UnsupportedEncodingException
Event: 16.461 loading class java/io/UnsupportedEncodingException done
Event: 16.462 loading class com/mysql/jdbc/AbandonedConnectionCleanupThread
Event: 16.462 loading class com/mysql/jdbc/AbandonedConnectionCleanupThread done
Event: 16.463 Thread 0x000000001908e000 Thread added: 0x000000001908e000
Event: 16.464 loading class java/sql/DriverInfo
Event: 16.464 loading class java/sql/DriverInfo done


Dynamic libraries:
0x00007ff76a920000 - 0x00007ff76a957000 	C:\Program Files\Java\jre1.8.0_181\bin\javaw.exe
0x00007ffbd01f0000 - 0x00007ffbd03d1000 	C:\WINDOWS\SYSTEM32\ntdll.dll
0x00007ffbcf840000 - 0x00007ffbcf8f2000 	C:\WINDOWS\System32\KERNEL32.DLL
0x00007ffbcc890000 - 0x00007ffbccb03000 	C:\WINDOWS\System32\KERNELBASE.dll
0x00007ffbcd870000 - 0x00007ffbcd911000 	C:\WINDOWS\System32\ADVAPI32.dll
0x00007ffbcf1a0000 - 0x00007ffbcf23e000 	C:\WINDOWS\System32\msvcrt.dll
0x00007ffbcf260000 - 0x00007ffbcf2bb000 	C:\WINDOWS\System32\sechost.dll
0x00007ffbcfe50000 - 0x00007ffbcff74000 	C:\WINDOWS\System32\RPCRT4.dll
0x00007ffbcef60000 - 0x00007ffbcf0f0000 	C:\WINDOWS\System32\USER32.dll
0x00007ffbcd4b0000 - 0x00007ffbcd4d0000 	C:\WINDOWS\System32\win32u.dll
0x00007ffbcf900000 - 0x00007ffbcf928000 	C:\WINDOWS\System32\GDI32.dll
0x00007ffbcc640000 - 0x00007ffbcc7d2000 	C:\WINDOWS\System32\gdi32full.dll
0x00007ffbccb10000 - 0x00007ffbccbaf000 	C:\WINDOWS\System32\msvcp_win.dll
0x00007ffbcd580000 - 0x00007ffbcd67a000 	C:\WINDOWS\System32\ucrtbase.dll
0x00007ffbb9c30000 - 0x00007ffbb9e99000 	C:\WINDOWS\WinSxS\amd64_microsoft.windows.common-controls_6595b64144ccf1df_6.0.17134.523_none_fb409dd930672a56\COMCTL32.dll
0x00007ffbcf510000 - 0x00007ffbcf832000 	C:\WINDOWS\System32\combase.dll
0x00007ffbcc5c0000 - 0x00007ffbcc63a000 	C:\WINDOWS\System32\bcryptPrimitives.dll
0x00007ffbcf930000 - 0x00007ffbcf95d000 	C:\WINDOWS\System32\IMM32.DLL
0x00007ffbc5370000 - 0x00007ffbc546c000 	C:\Program Files\Diebold\Warsaw\wslbscrwh64.dll
0x00007ffbcb5f0000 - 0x00007ffbcb621000 	C:\WINDOWS\SYSTEM32\ntmarta.dll
0x00007ffbb9210000 - 0x00007ffbb932b000 	C:\Program Files\Diebold\Warsaw\wslbscr64.dll
0x0000000063700000 - 0x00000000637d2000 	C:\Program Files\Java\jre1.8.0_181\bin\msvcr100.dll
0x0000000062aa0000 - 0x0000000063342000 	C:\Program Files\Java\jre1.8.0_181\bin\server\jvm.dll
0x00007ffbcf240000 - 0x00007ffbcf248000 	C:\WINDOWS\System32\PSAPI.DLL
0x00007ffbbf1e0000 - 0x00007ffbbf1e9000 	C:\WINDOWS\SYSTEM32\WSOCK32.dll
0x00007ffbcffe0000 - 0x00007ffbd004c000 	C:\WINDOWS\System32\WS2_32.dll
0x00007ffbc8860000 - 0x00007ffbc8883000 	C:\WINDOWS\SYSTEM32\WINMM.dll
0x00007ffbbfa00000 - 0x00007ffbbfa0a000 	C:\WINDOWS\SYSTEM32\VERSION.dll
0x00007ffbc8830000 - 0x00007ffbc885a000 	C:\WINDOWS\SYSTEM32\WINMMBASE.dll
0x00007ffbcd530000 - 0x00007ffbcd579000 	C:\WINDOWS\System32\cfgmgr32.dll
0x00000000636f0000 - 0x00000000636ff000 	C:\Program Files\Java\jre1.8.0_181\bin\verify.dll
0x00000000636c0000 - 0x00000000636e9000 	C:\Program Files\Java\jre1.8.0_181\bin\java.dll
0x00000000636a0000 - 0x00000000636b6000 	C:\Program Files\Java\jre1.8.0_181\bin\zip.dll
0x00007ffbcdb20000 - 0x00007ffbcef60000 	C:\WINDOWS\System32\SHELL32.dll
0x0000000017c20000 - 0x0000000017cc9000 	C:\WINDOWS\System32\shcore.dll
0x0000000017cd0000 - 0x00000000183dd000 	C:\WINDOWS\System32\windows.storage.dll
0x00007ffbcd920000 - 0x00007ffbcd971000 	C:\WINDOWS\System32\shlwapi.dll
0x00007ffbcc530000 - 0x00007ffbcc541000 	C:\WINDOWS\System32\kernel.appcore.dll
0x00007ffbcc550000 - 0x00007ffbcc56f000 	C:\WINDOWS\System32\profapi.dll
0x00007ffbcc570000 - 0x00007ffbcc5bc000 	C:\WINDOWS\System32\powrprof.dll
0x00007ffbcc500000 - 0x00007ffbcc50a000 	C:\WINDOWS\System32\FLTLIB.DLL
0x0000000063500000 - 0x0000000063699000 	C:\Program Files\Java\jre1.8.0_181\bin\awt.dll
0x00007ffbd0050000 - 0x00007ffbd0112000 	C:\WINDOWS\System32\OLEAUT32.dll
0x00007ffbca020000 - 0x00007ffbca0ab000 	C:\WINDOWS\SYSTEM32\apphelp.dll
0x00007ffbcaa00000 - 0x00007ffbcaa98000 	C:\WINDOWS\system32\uxtheme.dll
0x00007ffbcd6f0000 - 0x00007ffbcd863000 	C:\WINDOWS\System32\MSCTF.dll
0x00007ffbcac90000 - 0x00007ffbcacb9000 	C:\WINDOWS\system32\dwmapi.dll
0x0000000019c20000 - 0x0000000019d71000 	C:\WINDOWS\System32\ole32.dll
0x0000000063410000 - 0x0000000063457000 	C:\Program Files\Java\jre1.8.0_181\bin\fontmanager.dll
0x00007ffbbc0f0000 - 0x00007ffbbc210000 	C:\WINDOWS\system32\opengl32.dll
0x00007ffbc3bd0000 - 0x00007ffbc3bfc000 	C:\WINDOWS\SYSTEM32\GLU32.dll
0x00007ffbd0120000 - 0x00007ffbd01c0000 	C:\WINDOWS\System32\clbcatq.dll
0x00007ffbc7170000 - 0x00007ffbc731e000 	C:\WINDOWS\SYSTEM32\WindowsCodecs.dll
0x00007ffbb0d20000 - 0x00007ffbb0d78000 	C:\WINDOWS\system32\dataexchange.dll
0x00007ffbc8b40000 - 0x00007ffbc8e4b000 	C:\WINDOWS\system32\d3d11.dll
0x00007ffbc98c0000 - 0x00007ffbc9a5c000 	C:\WINDOWS\system32\dcomp.dll
0x00007ffbcb2c0000 - 0x00007ffbcb37b000 	C:\WINDOWS\system32\dxgi.dll
0x00007ffbcadd0000 - 0x00007ffbcaf88000 	C:\WINDOWS\system32\twinapi.appcore.dll
0x00007ffbcad70000 - 0x00007ffbcad91000 	C:\WINDOWS\system32\RMCLIENT.dll
0x00000000634a0000 - 0x00000000634ba000 	C:\Program Files\Java\jre1.8.0_181\bin\net.dll
0x00007ffbcbd80000 - 0x00007ffbcbde6000 	C:\WINDOWS\system32\mswsock.dll
0x00000000633f0000 - 0x0000000063401000 	C:\Program Files\Java\jre1.8.0_181\bin\nio.dll
0x00000000633a0000 - 0x00000000633e2000 	C:\Program Files\Java\jre1.8.0_181\bin\t2k.dll

VM Arguments:
java_command: E:\Easy-Store Versões\SisVendas 2.2\dist\BaseTreino.jar
java_class_path (initial): E:\Easy-Store Versões\SisVendas 2.2\dist\BaseTreino.jar
Launcher Type: SUN_STANDARD

Environment Variables:
PATH=C:\Program Files (x86)\Common Files\Oracle\Java\javapath;C:\WINDOWS\system32;C:\WINDOWS;C:\WINDOWS\System32\Wbem;C:\WINDOWS\System32\WindowsPowerShell\v1.0\;C:\WINDOWS\System32\OpenSSH\;C:\PostgreSQL\pg10\bin;C:\Users\benso\AppData\Local\Microsoft\WindowsApps;
USERNAME=Benson
OS=Windows_NT
PROCESSOR_IDENTIFIER=Intel64 Family 6 Model 42 Stepping 7, GenuineIntel



---------------  S Y S T E M  ---------------

OS: Windows 10.0 , 64 bit Build 17134 (10.0.17134.1)

CPU:total 4 (initial active 4) (2 cores per cpu, 2 threads per core) family 6 model 42 stepping 7, cmov, cx8, fxsr, mmx, sse, sse2, sse3, ssse3, sse4.1, sse4.2, popcnt, avx, clmul, ht, tsc, tscinvbit

Memory: 4k page, physical 6238060k(1208948k free), swap 20264228k(1000k free)

vm_info: Java HotSpot(TM) 64-Bit Server VM (25.181-b13) for windows-amd64 JRE (1.8.0_181-b13), built on Jul  7 2018 04:01:33 by "java_re" with MS VC++ 10.0 (VS2010)

time: Tue Feb 19 08:49:22 2019
elapsed time: 16 seconds (0d 0h 0m 16s)

