#
# A fatal error has been detected by the Java Runtime Environment:
#
#  Internal Error (0xc06d007e), pid=13212, tid=0x00000000000043a8
#
# JRE version:  (8.0_181-b13) (build )
# Java VM: Java HotSpot(TM) 64-Bit Server VM (25.181-b13 mixed mode windows-amd64 compressed oops)
# Problematic frame:
# C  [KERNELBASE.dll+0x3a388]
#
# Failed to write core dump. Minidumps are not enabled by default on client versions of Windows
#
# If you would like to submit a bug report, please visit:
#   http://bugreport.java.com/bugreport/crash.jsp
# The crash happened outside the Java Virtual Machine in native code.
# See problematic frame for where to report the bug.
#

---------------  T H R E A D  ---------------

Current thread (0x0000000003091000):  JavaThread "main" [_thread_in_native, id=17320, stack(0x0000000002f90000,0x0000000003090000)]

siginfo: ExceptionCode=0xc06d007e, ExceptionInformation=0x000000000308ead0 

Registers:
RAX=0x0000000000000000, RBX=0x0000000000000000, RCX=0x0000000000000040, RDX=0x0000000000000006
RSP=0x000000000308e9d0, RBP=0x000000000308eb28, RSI=0x00000000636dd8cc, RDI=0x0000000000000000
R8 =0x00007ffbd021bea5, R9 =0x00000000010d99e0, R10=0x00000000010d99f8, R11=0x000000009e00019f
R12=0x0000000000000001, R13=0x00000000636e5780, R14=0x00000000636e5510, R15=0x00000000636dd958
RIP=0x00007ffbcc8ca388, EFLAGS=0x0000000000000202

Top of Stack: (sp=0x000000000308e9d0)
0x000000000308e9d0:   00000000636dd958 0000000000000000
0x000000000308e9e0:   00000000636dd8cc 0000000000000000
0x000000000308e9f0:   00000000c06d007e 0000000000000000
0x000000000308ea00:   00007ffbcc8ca388 00007ffb00000001
0x000000000308ea10:   000000000308ead0 00000000010a5010
0x000000000308ea20:   0000000000000000 0000000000000000
0x000000000308ea30:   0000000000000000 00007ffbcc8f1caf
0x000000000308ea40:   0073005c00000000 00000000636dd8cc
0x000000000308ea50:   0000e3ac02ba70de 0000000000000000
0x000000000308ea60:   0000000000000000 0000000000000000
0x000000000308ea70:   00000000636dcb90 00007ffbcc8f1c59
0x000000000308ea80:   0000000000000000 0000000063754e7e
0x000000000308ea90:   0000d14a1e20438f 0000000063725695
0x000000000308eaa0:   0000000000000000 00000000636d8e77
0x000000000308eab0:   0000000000000000 00000000636dd8cc
0x000000000308eac0:   0000000000000001 00000000637538a8 

Instructions: (pc=0x00007ffbcc8ca388)
0x00007ffbcc8ca368:   49 8b d1 44 0f 47 c0 44 89 44 24 38 49 c1 e0 03
0x00007ffbcc8ca378:   e8 4a 46 04 00 48 8d 4c 24 20 ff 15 d0 82 14 00
0x00007ffbcc8ca388:   48 8b 8c 24 c0 00 00 00 48 33 cc e8 b8 05 04 00
0x00007ffbcc8ca398:   48 81 c4 d8 00 00 00 c3 83 64 24 38 00 eb d6 cc 


Register to memory mapping:

RAX=0x0000000000000000 is an unknown value
RBX=0x0000000000000000 is an unknown value
RCX=0x0000000000000040 is an unknown value
RDX=0x0000000000000006 is an unknown value
RSP=0x000000000308e9d0 is pointing into the stack for thread: 0x0000000003091000
RBP=0x000000000308eb28 is pointing into the stack for thread: 0x0000000003091000
RSI=0x00000000636dd8cc is an unknown value
RDI=0x0000000000000000 is an unknown value
R8 =0x00007ffbd021bea5 is an unknown value
R9 =0x00000000010d99e0 is an unknown value
R10=0x00000000010d99f8 is an unknown value
R11=0x000000009e00019f is an unknown value
R12=0x0000000000000001 is an unknown value
R13=0x00000000636e5780 is an unknown value
R14=0x00000000636e5510 is an unknown value
R15=0x00000000636dd958 is an unknown value


Stack: [0x0000000002f90000,0x0000000003090000],  sp=0x000000000308e9d0,  free space=1018k
Native frames: (J=compiled Java code, j=interpreted, Vv=VM code, C=native code)
C  [KERNELBASE.dll+0x3a388]

Java frames: (J=compiled Java code, j=interpreted, Vv=VM code)
j  java.lang.System.initProperties(Ljava/util/Properties;)Ljava/util/Properties;+0
j  java.lang.System.initializeSystemClass()V+13
v  ~StubRoutines::call_stub

---------------  P R O C E S S  ---------------

Java Threads: ( => current thread )
  0x0000000016a79000 JavaThread "Finalizer" daemon [_thread_blocked, id=16144, stack(0x0000000017ce0000,0x0000000017de0000)]
  0x0000000003181000 JavaThread "Reference Handler" daemon [_thread_blocked, id=16076, stack(0x0000000017be0000,0x0000000017ce0000)]
=>0x0000000003091000 JavaThread "main" [_thread_in_native, id=17320, stack(0x0000000002f90000,0x0000000003090000)]

Other Threads:
  0x0000000016a57800 VMThread [stack: 0x0000000017ae0000,0x0000000017be0000] [id=14448]

VM state:not at safepoint (normal execution)

VM Mutex/Monitor currently owned by a thread: None

Heap:
 PSYoungGen      total 28672K, used 491K [0x00000000e0400000, 0x00000000e2400000, 0x0000000100000000)
  eden space 24576K, 2% used [0x00000000e0400000,0x00000000e047ae20,0x00000000e1c00000)
  from space 4096K, 0% used [0x00000000e2000000,0x00000000e2000000,0x00000000e2400000)
  to   space 4096K, 0% used [0x00000000e1c00000,0x00000000e1c00000,0x00000000e2000000)
 ParOldGen       total 65536K, used 0K [0x00000000a0c00000, 0x00000000a4c00000, 0x00000000e0400000)
  object space 65536K, 0% used [0x00000000a0c00000,0x00000000a0c00000,0x00000000a4c00000)
 Metaspace       used 1075K, capacity 4480K, committed 4480K, reserved 1056768K
  class space    used 116K, capacity 384K, committed 384K, reserved 1048576K

Card table byte_map: [0x0000000012550000,0x0000000012850000] byte_map_base: 0x000000001204a000

Marking Bits: (ParMarkBitMap*) 0x00000000632c2d00
 Begin Bits: [0x0000000012e50000, 0x0000000014620000)
 End Bits:   [0x0000000014620000, 0x0000000015df0000)

Polling page: 0x0000000002da0000

CodeCache: size=245760Kb used=405Kb max_used=405Kb free=245354Kb
 bounds [0x0000000003190000, 0x0000000003400000, 0x0000000012190000]
 total_blobs=103 nmethods=0 adapters=77
 compilation: enabled

Compilation events (0 events):
No events

GC Heap History (0 events):
No events

Deoptimization events (0 events):
No events

Classes redefined (0 events):
No events

Internal exceptions (2 events):
Event: 2.779 Thread 0x0000000003091000 Exception <a 'java/lang/NoSuchMethodError': Method sun.misc.Unsafe.defineClass(Ljava/lang/String;[BII)Ljava/lang/Class; name or signature does not match> (0x00000000e0407cb0) thrown at [C:\re\workspace\8-2-build-windows-amd64-cygwin\jdk8u181\11358\hotspot
Event: 2.780 Thread 0x0000000003091000 Exception <a 'java/lang/NoSuchMethodError': Method sun.misc.Unsafe.prefetchRead(Ljava/lang/Object;J)V name or signature does not match> (0x00000000e0407f98) thrown at [C:\re\workspace\8-2-build-windows-amd64-cygwin\jdk8u181\11358\hotspot\src\share\vm\prim

Events (10 events):
Event: 2.781 loading class java/util/HashMap$Node done
Event: 2.782 loading class sun/misc/VM
Event: 2.782 loading class sun/misc/VM done
Event: 2.783 loading class java/util/Hashtable$Entry
Event: 2.783 loading class java/util/Hashtable$Entry done
Event: 2.783 loading class java/lang/Math
Event: 2.783 loading class java/lang/Math done
Event: 2.784 loading class java/lang/ref/Finalizer$FinalizerThread
Event: 2.784 loading class java/lang/ref/Finalizer$FinalizerThread done
Event: 2.784 Thread 0x0000000016a79000 Thread added: 0x0000000016a79000


Dynamic libraries:
0x00007ff76a920000 - 0x00007ff76a957000 	C:\Program Files\Java\jre1.8.0_181\bin\javaw.exe
0x00007ffbd01f0000 - 0x00007ffbd03d1000 	C:\WINDOWS\SYSTEM32\ntdll.dll
0x00007ffbcf840000 - 0x00007ffbcf8f2000 	C:\WINDOWS\System32\KERNEL32.DLL
0x00007ffbcc890000 - 0x00007ffbccb03000 	C:\WINDOWS\System32\KERNELBASE.dll
0x00007ffbcd870000 - 0x00007ffbcd911000 	C:\WINDOWS\System32\ADVAPI32.dll
0x00007ffbcf1a0000 - 0x00007ffbcf23e000 	C:\WINDOWS\System32\msvcrt.dll
0x00007ffbcf260000 - 0x00007ffbcf2bb000 	C:\WINDOWS\System32\sechost.dll
0x00007ffbcfe50000 - 0x00007ffbcff74000 	C:\WINDOWS\System32\RPCRT4.dll
0x00007ffbcef60000 - 0x00007ffbcf0f0000 	C:\WINDOWS\System32\USER32.dll
0x00007ffbcd4b0000 - 0x00007ffbcd4d0000 	C:\WINDOWS\System32\win32u.dll
0x00007ffbcf900000 - 0x00007ffbcf928000 	C:\WINDOWS\System32\GDI32.dll
0x00007ffbcc640000 - 0x00007ffbcc7d2000 	C:\WINDOWS\System32\gdi32full.dll
0x00007ffbccb10000 - 0x00007ffbccbaf000 	C:\WINDOWS\System32\msvcp_win.dll
0x00007ffbcd580000 - 0x00007ffbcd67a000 	C:\WINDOWS\System32\ucrtbase.dll
0x00007ffbb9c30000 - 0x00007ffbb9e99000 	C:\WINDOWS\WinSxS\amd64_microsoft.windows.common-controls_6595b64144ccf1df_6.0.17134.523_none_fb409dd930672a56\COMCTL32.dll
0x00007ffbcf510000 - 0x00007ffbcf832000 	C:\WINDOWS\System32\combase.dll
0x00007ffbcc5c0000 - 0x00007ffbcc63a000 	C:\WINDOWS\System32\bcryptPrimitives.dll
0x00007ffbcf930000 - 0x00007ffbcf95d000 	C:\WINDOWS\System32\IMM32.DLL
0x00007ffbc5370000 - 0x00007ffbc546c000 	C:\Program Files\Diebold\Warsaw\wslbscrwh64.dll
0x00007ffbcb5f0000 - 0x00007ffbcb621000 	C:\WINDOWS\SYSTEM32\ntmarta.dll
0x00007ffbb9210000 - 0x00007ffbb932b000 	C:\Program Files\Diebold\Warsaw\wslbscr64.dll
0x0000000063700000 - 0x00000000637d2000 	C:\Program Files\Java\jre1.8.0_181\bin\msvcr100.dll
0x0000000062aa0000 - 0x0000000063342000 	C:\Program Files\Java\jre1.8.0_181\bin\server\jvm.dll
0x00007ffbcf240000 - 0x00007ffbcf248000 	C:\WINDOWS\System32\PSAPI.DLL
0x00007ffbbf1e0000 - 0x00007ffbbf1e9000 	C:\WINDOWS\SYSTEM32\WSOCK32.dll
0x00007ffbcffe0000 - 0x00007ffbd004c000 	C:\WINDOWS\System32\WS2_32.dll
0x00007ffbc8860000 - 0x00007ffbc8883000 	C:\WINDOWS\SYSTEM32\WINMM.dll
0x00007ffbbfa00000 - 0x00007ffbbfa0a000 	C:\WINDOWS\SYSTEM32\VERSION.dll
0x00007ffbc8830000 - 0x00007ffbc885a000 	C:\WINDOWS\SYSTEM32\WINMMBASE.dll
0x00007ffbcd530000 - 0x00007ffbcd579000 	C:\WINDOWS\System32\cfgmgr32.dll
0x00000000636f0000 - 0x00000000636ff000 	C:\Program Files\Java\jre1.8.0_181\bin\verify.dll
0x00000000636c0000 - 0x00000000636e9000 	C:\Program Files\Java\jre1.8.0_181\bin\java.dll
0x00000000636a0000 - 0x00000000636b6000 	C:\Program Files\Java\jre1.8.0_181\bin\zip.dll

VM Arguments:
java_command: E:\Easy-Store Versões\SisVendas 2.2\dist\BaseTreino.jar
java_class_path (initial): E:\Easy-Store Versões\SisVendas 2.2\dist\BaseTreino.jar
Launcher Type: SUN_STANDARD

Environment Variables:
PATH=C:\Program Files (x86)\Common Files\Oracle\Java\javapath;C:\WINDOWS\system32;C:\WINDOWS;C:\WINDOWS\System32\Wbem;C:\WINDOWS\System32\WindowsPowerShell\v1.0\;C:\WINDOWS\System32\OpenSSH\;C:\PostgreSQL\pg10\bin;C:\Users\benso\AppData\Local\Microsoft\WindowsApps;
USERNAME=Benson
OS=Windows_NT
PROCESSOR_IDENTIFIER=Intel64 Family 6 Model 42 Stepping 7, GenuineIntel



---------------  S Y S T E M  ---------------

OS: Windows 10.0 , 64 bit Build 17134 (10.0.17134.1)

CPU:total 4 (initial active 4) (2 cores per cpu, 2 threads per core) family 6 model 42 stepping 7, cmov, cx8, fxsr, mmx, sse, sse2, sse3, ssse3, sse4.1, sse4.2, popcnt, avx, clmul, ht, tsc, tscinvbit

Memory: 4k page, physical 6238060k(1172124k free), swap 20264228k(84440k free)

vm_info: Java HotSpot(TM) 64-Bit Server VM (25.181-b13) for windows-amd64 JRE (1.8.0_181-b13), built on Jul  7 2018 04:01:33 by "java_re" with MS VC++ 10.0 (VS2010)

time: Tue Feb 19 08:49:23 2019
elapsed time: 3 seconds (0d 0h 0m 3s)

